<?xml version="1.0" encoding="UTF-8"?>
<beans xmlns="http://www.springframework.org/schema/beans"
       xmlns:xsi="http://www.w3.org/2001/XMLSchema-instance"
       xmlns:jdbc="http://www.springframework.org/schema/jdbc"
       xmlns:context="http://www.springframework.org/schema/context"
       xsi:schemaLocation="http://www.springframework.org/schema/beans
                           http://www.springframework.org/schema/beans/spring-beans.xsd http://www.springframework.org/schema/jdbc http://www.springframework.org/schema/jdbc/spring-jdbc.xsd http://www.springframework.org/schema/context http://www.springframework.org/schema/context/spring-context.xsd">

    <!-- load H2 jdbc properties -->
    <context:property-placeholder location="classpath:test-db.properties"/>


    <!--
       The below config shows how to use a completely managed embedded version of H2
        Uncomment it if you do not wish to configure H2 database settings manually.
     -->

    <!--
    <jdbc:embedded-database id="dataSource" type="H2">
        <jdbc:script location="classpath:schema.sql"/>
        <jdbc:script location="classpath:test-data.sql"/>
    </jdbc:embedded-database>
    -->


    <!--<bean id="dataSource"-->
          <!--class="org.h2.jdbcx.JdbcDataSource">-->
    <bean id="dataSource"
          class="org.h2.jdbcx.JdbcDataSource">
        <property name="URL" value="${jdbc.url}"/>
    </bean>

    <jdbc:initialize-database>
        <jdbc:script location="classpath:test-schema.sql"/>
        <!--<jdbc:script location="classpath:test-data.sql"/>-->
    </jdbc:initialize-database>

    <bean id="jdbcTemplate" class="org.springframework.jdbc.core.JdbcTemplate">
        <property name="dataSource" ref="dataSource"></property>
    </bean>

    <bean id="dbFilterPolicyDAO"
          class="edu.washington.iam.registry.filter.DBFilterPolicyDAO">
    </bean>

    <bean id="accessCtrlManagerDB"
          class="edu.washington.iam.registry.accessctrl.AccessCtrlManagerDB">
        <property name="template" ref="jdbcTemplate"></property>
    </bean>

    <bean id="UuidManager"
          class="edu.washington.iam.registry.rp.UuidManager">
        <property name="template" ref="jdbcTemplate"></property>
    </bean>


    <bean id="proxyManagerDB" class="edu.washington.iam.registry.proxy.ProxyManagerDB">
        <property name="template" ref="jdbcTemplate"></property>
    </bean>

    <bean class="edu.washington.iam.registry.rp.DBMetadata">
        <property name="id" value="UW"/>
        <property name="groupId" value="uwrp" />
        <property name="editable" value = "true" />
    </bean>

</beans>